[debug] [2023-02-27T05:43:44.188Z] ----------------------------------------------------------------------
[debug] [2023-02-27T05:43:44.190Z] Command:       C:\Program Files\nodejs\node.exe C:\Users\mahes\AppData\Roaming\npm\node_modules\firebase-tools\lib\bin\firebase.js init
[debug] [2023-02-27T05:43:44.191Z] CLI Version:   11.24.0
[debug] [2023-02-27T05:43:44.191Z] Platform:      win32
[debug] [2023-02-27T05:43:44.191Z] Node Version:  v18.13.0
[debug] [2023-02-27T05:43:44.194Z] Time:          Mon Feb 27 2023 11:13:44 GMT+0530 (India Standard Time)
[debug] [2023-02-27T05:43:44.195Z] ----------------------------------------------------------------------
[debug] 
[debug] [2023-02-27T05:43:44.204Z] >>> [apiv2][query] GET https://firebase-public.firebaseio.com/cli.json [none]
[debug] [2023-02-27T05:43:44.269Z] > command requires scopes: ["email","openid","https://www.googleapis.com/auth/cloudplatformprojects.readonly","https://www.googleapis.com/auth/firebase","https://www.googleapis.com/auth/cloud-platform"]
[debug] [2023-02-27T05:43:44.270Z] > authorizing via signed-in user (maheshwarinakshtra9@gmail.com)
[info] 
     ######## #### ########  ######## ########     ###     ######  ########
     ##        ##  ##     ## ##       ##     ##  ##   ##  ##       ##
     ######    ##  ########  ######   ########  #########  ######  ######
     ##        ##  ##    ##  ##       ##     ## ##     ##       ## ##
     ##       #### ##     ## ######## ########  ##     ##  ######  ########

You're about to initialize a Firebase project in this directory:

  C:\Users\mahes\OneDrive\Documents\Avni

[debug] [2023-02-27T05:43:44.988Z] <<< [apiv2][status] GET https://firebase-public.firebaseio.com/cli.json 200
[debug] [2023-02-27T05:43:44.989Z] <<< [apiv2][body] GET https://firebase-public.firebaseio.com/cli.json {"cloudBuildErrorAfter":1594252800000,"cloudBuildWarnAfter":1590019200000,"defaultNode10After":1594252800000,"minVersion":"3.0.5","node8DeploysDisabledAfter":1613390400000,"node8RuntimeDisabledAfter":1615809600000,"node8WarnAfter":1600128000000}
[info] 
=== Project Setup
[info] 
[info] First, let's associate this project directory with a Firebase project.
[info] You can create multiple project aliases by running firebase use --add, 
[info] but for now we'll just set up a default project.
[info] 
[debug] [2023-02-27T05:44:55.265Z] > refreshing access token with scopes: []
[debug] [2023-02-27T05:44:55.269Z] >>> [apiv2][query] POST https://www.googleapis.com/oauth2/v3/token [none]
[debug] [2023-02-27T05:44:55.269Z] >>> [apiv2][body] POST https://www.googleapis.com/oauth2/v3/token [omitted]
[debug] [2023-02-27T05:44:55.521Z] <<< [apiv2][status] POST https://www.googleapis.com/oauth2/v3/token 200
[debug] [2023-02-27T05:44:55.522Z] <<< [apiv2][body] POST https://www.googleapis.com/oauth2/v3/token [omitted]
[debug] [2023-02-27T05:44:55.545Z] >>> [apiv2][query] GET https://firebase.googleapis.com/v1beta1/projects pageSize=100
[debug] [2023-02-27T05:44:56.354Z] <<< [apiv2][status] GET https://firebase.googleapis.com/v1beta1/projects 200
[debug] [2023-02-27T05:44:56.354Z] <<< [apiv2][body] GET https://firebase.googleapis.com/v1beta1/projects [omitted]
[info] i  Don't want to scroll through all your projects? If you know your project ID, you can initialize it directly using firebase init --project <project_id>.
 
[info] i  Using project avni-mittal (avni) 
[info] 
=== Hosting Setup
[info] 
[info] Your public directory is the folder (relative to your project directory) that
[info] will contain Hosting assets to be uploaded with firebase deploy. If you
[info] have a build process for your assets, use your build's output directory.
[info] 
[debug] [2023-02-27T05:45:22.097Z] >>> [apiv2][query] GET https://www.gstatic.com/firebasejs/releases.json [none]
[debug] [2023-02-27T05:45:22.300Z] <<< [apiv2][status] GET https://www.gstatic.com/firebasejs/releases.json 200
[debug] [2023-02-27T05:45:22.301Z] <<< [apiv2][body] GET https://www.gstatic.com/firebasejs/releases.json {"current":{"version":"9.17.1","browserURL":"https://www.gstatic.com/firebasejs/9.17.1/firebase.js","packageURL":"https://www.gstatic.com/firebasejs/9.17.1/firebase.tgz"},"live":{"version":"9.17","browserURL":"https://www.gstatic.com/firebasejs/live/9.17/firebase.js","packageURL":"https://www.gstatic.com/firebasejs/live/9.17/firebase.tgz"},"components":{"analytics":"https://www.gstatic.com/firebasejs/9.17.1/firebase-analytics.js","app":"https://www.gstatic.com/firebasejs/9.17.1/firebase-app.js","app-check":"https://www.gstatic.com/firebasejs/9.17.1/firebase-app-check.js","auth":"https://www.gstatic.com/firebasejs/9.17.1/firebase-auth.js","auth/cordova":"https://www.gstatic.com/firebasejs/9.17.1/firebase-auth/cordova.js","auth/react-native":"https://www.gstatic.com/firebasejs/9.17.1/firebase-auth/react-native.js","functions":"https://www.gstatic.com/firebasejs/9.17.1/firebase-functions.js","firestore":"https://www.gstatic.com/firebasejs/9.17.1/firebase-firestore.js","firestore/lite":"https://www.gstatic.com/firebasejs/9.17.1/firebase-firestore/lite.js","installations":"https://www.gstatic.com/firebasejs/9.17.1/firebase-installations.js","storage":"https://www.gstatic.com/firebasejs/9.17.1/firebase-storage.js","performance":"https://www.gstatic.com/firebasejs/9.17.1/firebase-performance.js","remote-config":"https://www.gstatic.com/firebasejs/9.17.1/firebase-remote-config.js","messaging":"https://www.gstatic.com/firebasejs/9.17.1/firebase-messaging.js","messaging/sw":"https://www.gstatic.com/firebasejs/9.17.1/firebase-messaging/sw.js","database":"https://www.gstatic.com/firebasejs/9.17.1/firebase-database.js","firestore.memory":"https://www.gstatic.com/firebasejs/9.17.1/firebase-firestore.memory.js"}}
[debug] [2023-02-27T05:45:22.505Z] Error: ENOTDIR: not a directory, scandir 'C:\Users\mahes\OneDrive\Documents\Avni\index.htm'
    at Object.readdirSync (node:fs:1451:3)
    at Object.createFileSync (C:\Users\mahes\AppData\Roaming\npm\node_modules\firebase-tools\node_modules\fs-extra\lib\ensure\file.js:55:10)
    at Config.writeProjectFile (C:\Users\mahes\AppData\Roaming\npm\node_modules\firebase-tools\lib\config.js:152:12)
    at C:\Users\mahes\AppData\Roaming\npm\node_modules\firebase-tools\lib\config.js:176:22
    at process.processTicksAndRejections (node:internal/process/task_queues:95:5)
    at async doSetup (C:\Users\mahes\AppData\Roaming\npm\node_modules\firebase-tools\lib\init\features\hosting\index.js:144:9)
    at async init (C:\Users\mahes\AppData\Roaming\npm\node_modules\firebase-tools\lib\init\index.js:36:9)
[error] 
[error] Error: An unexpected error has occurred.
[debug] [2023-02-27T05:45:52.687Z] ----------------------------------------------------------------------
[debug] [2023-02-27T05:45:52.690Z] Command:       C:\Program Files\nodejs\node.exe C:\Users\mahes\AppData\Roaming\npm\node_modules\firebase-tools\lib\bin\firebase.js init
[debug] [2023-02-27T05:45:52.691Z] CLI Version:   11.24.0
[debug] [2023-02-27T05:45:52.691Z] Platform:      win32
[debug] [2023-02-27T05:45:52.691Z] Node Version:  v18.13.0
[debug] [2023-02-27T05:45:52.693Z] Time:          Mon Feb 27 2023 11:15:52 GMT+0530 (India Standard Time)
[debug] [2023-02-27T05:45:52.693Z] ----------------------------------------------------------------------
[debug] 
[debug] [2023-02-27T05:45:52.710Z] > command requires scopes: ["email","openid","https://www.googleapis.com/auth/cloudplatformprojects.readonly","https://www.googleapis.com/auth/firebase","https://www.googleapis.com/auth/cloud-platform"]
[debug] [2023-02-27T05:45:52.711Z] > authorizing via signed-in user (maheshwarinakshtra9@gmail.com)
[info] 
     ######## #### ########  ######## ########     ###     ######  ########
     ##        ##  ##     ## ##       ##     ##  ##   ##  ##       ##
     ######    ##  ########  ######   ########  #########  ######  ######
     ##        ##  ##    ##  ##       ##     ## ##     ##       ## ##
     ##       #### ##     ## ######## ########  ##     ##  ######  ########

You're about to initialize a Firebase project in this directory:

  C:\Users\mahes\OneDrive\Documents\Avni

[info] 
=== Project Setup
[info] 
[info] First, let's associate this project directory with a Firebase project.
[info] You can create multiple project aliases by running firebase use --add, 
[info] but for now we'll just set up a default project.
[info] 
[debug] [2023-02-27T05:46:04.031Z] >>> [apiv2][query] GET https://firebase.googleapis.com/v1beta1/projects pageSize=100
[debug] [2023-02-27T05:46:04.980Z] <<< [apiv2][status] GET https://firebase.googleapis.com/v1beta1/projects 200
[debug] [2023-02-27T05:46:04.981Z] <<< [apiv2][body] GET https://firebase.googleapis.com/v1beta1/projects [omitted]
[info] i  Don't want to scroll through all your projects? If you know your project ID, you can initialize it directly using firebase init --project <project_id>.
 
[info] i  Using project avni-mittal (avni) 
[info] 
=== Hosting Setup
[info] 
[info] Your public directory is the folder (relative to your project directory) that
[info] will contain Hosting assets to be uploaded with firebase deploy. If you
[info] have a build process for your assets, use your build's output directory.
[info] 
[debug] [2023-02-27T05:46:37.098Z] >>> [apiv2][query] GET https://www.gstatic.com/firebasejs/releases.json [none]
[debug] [2023-02-27T05:46:37.218Z] <<< [apiv2][status] GET https://www.gstatic.com/firebasejs/releases.json 200
[debug] [2023-02-27T05:46:37.218Z] <<< [apiv2][body] GET https://www.gstatic.com/firebasejs/releases.json {"current":{"version":"9.17.1","browserURL":"https://www.gstatic.com/firebasejs/9.17.1/firebase.js","packageURL":"https://www.gstatic.com/firebasejs/9.17.1/firebase.tgz"},"live":{"version":"9.17","browserURL":"https://www.gstatic.com/firebasejs/live/9.17/firebase.js","packageURL":"https://www.gstatic.com/firebasejs/live/9.17/firebase.tgz"},"components":{"analytics":"https://www.gstatic.com/firebasejs/9.17.1/firebase-analytics.js","app":"https://www.gstatic.com/firebasejs/9.17.1/firebase-app.js","app-check":"https://www.gstatic.com/firebasejs/9.17.1/firebase-app-check.js","auth":"https://www.gstatic.com/firebasejs/9.17.1/firebase-auth.js","auth/cordova":"https://www.gstatic.com/firebasejs/9.17.1/firebase-auth/cordova.js","auth/react-native":"https://www.gstatic.com/firebasejs/9.17.1/firebase-auth/react-native.js","functions":"https://www.gstatic.com/firebasejs/9.17.1/firebase-functions.js","firestore":"https://www.gstatic.com/firebasejs/9.17.1/firebase-firestore.js","firestore/lite":"https://www.gstatic.com/firebasejs/9.17.1/firebase-firestore/lite.js","installations":"https://www.gstatic.com/firebasejs/9.17.1/firebase-installations.js","storage":"https://www.gstatic.com/firebasejs/9.17.1/firebase-storage.js","performance":"https://www.gstatic.com/firebasejs/9.17.1/firebase-performance.js","remote-config":"https://www.gstatic.com/firebasejs/9.17.1/firebase-remote-config.js","messaging":"https://www.gstatic.com/firebasejs/9.17.1/firebase-messaging.js","messaging/sw":"https://www.gstatic.com/firebasejs/9.17.1/firebase-messaging/sw.js","database":"https://www.gstatic.com/firebasejs/9.17.1/firebase-database.js","firestore.memory":"https://www.gstatic.com/firebasejs/9.17.1/firebase-firestore.memory.js"}}
[debug] [2023-02-27T05:46:37.422Z] Error: ENOTDIR: not a directory, scandir 'C:\Users\mahes\OneDrive\Documents\Avni\index.htm'
    at Object.readdirSync (node:fs:1451:3)
    at Object.createFileSync (C:\Users\mahes\AppData\Roaming\npm\node_modules\firebase-tools\node_modules\fs-extra\lib\ensure\file.js:55:10)
    at Config.writeProjectFile (C:\Users\mahes\AppData\Roaming\npm\node_modules\firebase-tools\lib\config.js:152:12)
    at C:\Users\mahes\AppData\Roaming\npm\node_modules\firebase-tools\lib\config.js:176:22
    at process.processTicksAndRejections (node:internal/process/task_queues:95:5)
    at async doSetup (C:\Users\mahes\AppData\Roaming\npm\node_modules\firebase-tools\lib\init\features\hosting\index.js:144:9)
    at async init (C:\Users\mahes\AppData\Roaming\npm\node_modules\firebase-tools\lib\init\index.js:36:9)
[error] 
[error] Error: An unexpected error has occurred.
